<?xml version="1.0" encoding="UTF-8"?>
<!-- Generated by org.testng.reporters.JUnitXMLReporter -->
<testsuite hostname="rahulda-W10" name="Test" tests="3" failures="1" timestamp="28 May 2019 09:03:20 GMT" time="114.593" errors="0">
  <testcase name="verifySpreadSheetData" time="54.503" classname="com.tests.automationTest">
    <failure type="java.lang.AssertionError">
      <![CDATA[java.lang.AssertionError: 
	at com.tests.automationTest.verifySpreadSheetData(automationTest.java:160)
	at org.apache.maven.surefire.testng.TestNGExecutor.run(TestNGExecutor.java:283)
	at org.apache.maven.surefire.testng.TestNGXmlTestSuite.execute(TestNGXmlTestSuite.java:75)
	at org.apache.maven.surefire.testng.TestNGProvider.invoke(TestNGProvider.java:120)
	at org.apache.maven.surefire.booter.ForkedBooter.invokeProviderInSameClassLoader(ForkedBooter.java:386)
	at org.apache.maven.surefire.booter.ForkedBooter.runSuitesInProcess(ForkedBooter.java:323)
	at org.apache.maven.surefire.booter.ForkedBooter.main(ForkedBooter.java:143)
... Removed 22 stack frames]]>
    </failure>
  </testcase> <!-- verifySpreadSheetData -->
  <testcase name="verifyBrokenLinks" time="31.216" classname="com.tests.automationTest"/>
  <testcase name="verifyAWSSettings" time="14.593" classname="com.tests.automationTest"/>
</testsuite> <!-- Test -->
